{"C:\\Users\\Allen\\Documents\\GitHub\\anicraw2\\util.js":{"path":"C:\\Users\\Allen\\Documents\\GitHub\\anicraw2\\util.js","s":{"1":1,"2":1,"3":1,"4":4,"5":1,"6":0,"7":0,"8":1,"9":0,"10":0,"11":0,"12":0,"13":1},"b":{},"f":{"1":4,"2":0,"3":0,"4":0},"fnMap":{"1":{"name":"(anonymous_1)","line":4,"loc":{"start":{"line":4,"column":49},"end":{"line":4,"column":64}}},"2":{"name":"(anonymous_2)","line":8,"loc":{"start":{"line":8,"column":27},"end":{"line":8,"column":43}}},"3":{"name":"(anonymous_3)","line":9,"loc":{"start":{"line":9,"column":39},"end":{"line":9,"column":57}}},"4":{"name":"(anonymous_4)","line":14,"loc":{"start":{"line":14,"column":18},"end":{"line":14,"column":56}}}},"statementMap":{"1":{"start":{"line":1,"column":0},"end":{"line":1,"column":38}},"2":{"start":{"line":3,"column":0},"end":{"line":3,"column":50}},"3":{"start":{"line":4,"column":0},"end":{"line":6,"column":3}},"4":{"start":{"line":5,"column":4},"end":{"line":5,"column":29}},"5":{"start":{"line":8,"column":0},"end":{"line":12,"column":2}},"6":{"start":{"line":9,"column":4},"end":{"line":11,"column":8}},"7":{"start":{"line":10,"column":8},"end":{"line":10,"column":59}},"8":{"start":{"line":14,"column":0},"end":{"line":20,"column":1}},"9":{"start":{"line":15,"column":4},"end":{"line":15,"column":66}},"10":{"start":{"line":16,"column":4},"end":{"line":16,"column":61}},"11":{"start":{"line":17,"column":4},"end":{"line":17,"column":66}},"12":{"start":{"line":19,"column":4},"end":{"line":19,"column":24}},"13":{"start":{"line":22,"column":0},"end":{"line":25,"column":2}}},"branchMap":{}},"C:\\Users\\Allen\\Documents\\GitHub\\anicraw2\\library.js":{"path":"C:\\Users\\Allen\\Documents\\GitHub\\anicraw2\\library.js","s":{"1":1,"2":1,"3":1,"4":1,"5":1,"6":0,"7":0,"8":0,"9":0,"10":0,"11":0,"12":0,"13":0,"14":1,"15":0,"16":0},"b":{"1":[0,0],"2":[0,0]},"f":{"1":0,"2":0,"3":0,"4":0,"5":0,"6":1,"7":0,"8":0},"fnMap":{"1":{"name":"(anonymous_1)","line":21,"loc":{"start":{"line":21,"column":17},"end":{"line":21,"column":33}}},"2":{"name":"(anonymous_2)","line":22,"loc":{"start":{"line":22,"column":23},"end":{"line":22,"column":39}}},"3":{"name":"(anonymous_3)","line":23,"loc":{"start":{"line":23,"column":17},"end":{"line":23,"column":34}}},"4":{"name":"(anonymous_4)","line":31,"loc":{"start":{"line":31,"column":15},"end":{"line":31,"column":27}}},"5":{"name":"(anonymous_5)","line":33,"loc":{"start":{"line":33,"column":36},"end":{"line":33,"column":89}}},"6":{"name":"(anonymous_6)","line":41,"loc":{"start":{"line":41,"column":19},"end":{"line":41,"column":31}}},"7":{"name":"(anonymous_7)","line":45,"loc":{"start":{"line":45,"column":21},"end":{"line":45,"column":33}}},"8":{"name":"(anonymous_8)","line":49,"loc":{"start":{"line":49,"column":23},"end":{"line":49,"column":35}}}},"statementMap":{"1":{"start":{"line":1,"column":0},"end":{"line":1,"column":54}},"2":{"start":{"line":2,"column":0},"end":{"line":2,"column":39}},"3":{"start":{"line":3,"column":0},"end":{"line":3,"column":75}},"4":{"start":{"line":4,"column":0},"end":{"line":18,"column":2}},"5":{"start":{"line":20,"column":0},"end":{"line":52,"column":2}},"6":{"start":{"line":22,"column":2},"end":{"line":28,"column":5}},"7":{"start":{"line":23,"column":3},"end":{"line":27,"column":4}},"8":{"start":{"line":24,"column":4},"end":{"line":24,"column":28}},"9":{"start":{"line":26,"column":4},"end":{"line":26,"column":19}},"10":{"start":{"line":32,"column":2},"end":{"line":36,"column":3}},"11":{"start":{"line":33,"column":3},"end":{"line":35,"column":10}},"12":{"start":{"line":34,"column":4},"end":{"line":34,"column":46}},"13":{"start":{"line":38,"column":2},"end":{"line":38,"column":27}},"14":{"start":{"line":42,"column":2},"end":{"line":42,"column":31}},"15":{"start":{"line":46,"column":2},"end":{"line":46,"column":33}},"16":{"start":{"line":50,"column":2},"end":{"line":50,"column":35}}},"branchMap":{"1":{"line":23,"type":"if","locations":[{"start":{"line":23,"column":3},"end":{"line":23,"column":3}},{"start":{"line":23,"column":3},"end":{"line":23,"column":3}}]},"2":{"line":32,"type":"if","locations":[{"start":{"line":32,"column":2},"end":{"line":32,"column":2}},{"start":{"line":32,"column":2},"end":{"line":32,"column":2}}]}}}}